[2023-08-20 23:47:22.169][src\pannel.rs:125 @uranus::pannel][20252][INFO] Change Path to D:\RustBox\uranus\example\Scripts
[2023-08-20 23:47:28.169][src\components.rs:128 @uranus::components][20252][INFO] [always_fishing_point](D:\RustBox\uranus\example\Scripts\RoomManager.lua) apply RollBack success!
[2023-08-20 23:47:28.169][src\components.rs:98 @uranus::components][20252][INFO] [always_fishing_point](D:\RustBox\uranus\example\Scripts\RoomManager.lua) apply Delete success!
[2023-08-20 23:47:28.169][src\pannel.rs:53 @uranus::pannel][20252][INFO] Pannel: always_fishing_point apply success.
[2023-08-20 23:47:57.169][src\components.rs:128 @uranus::components][20252][INFO] [always_fishing_point](D:\RustBox\uranus\example\Scripts\RoomManager.lua) apply RollBack success!
[2023-08-20 23:47:57.169][src\components.rs:143 @uranus::components][20252][INFO] <-Fishing->
[2023-08-20 23:47:57.169][src\pannel.rs:62 @uranus::pannel][20252][INFO] Pannel: always_fishing_point rollback success.
[2023-08-20 23:48:21.169][src\components.rs:128 @uranus::components][20252][INFO] [always_fishing_point](D:\RustBox\uranus\example\Scripts\RoomManager.lua) apply RollBack success!
[2023-08-20 23:48:21.169][src\components.rs:98 @uranus::components][20252][INFO] [always_fishing_point](D:\RustBox\uranus\example\Scripts\RoomManager.lua) apply Delete success!
[2023-08-20 23:48:21.169][src\pannel.rs:53 @uranus::pannel][20252][INFO] Pannel: always_fishing_point apply success.
[2023-08-20 23:48:22.169][src\components.rs:128 @uranus::components][20252][INFO] [easier_to_pick_up](D:\RustBox\uranus\example\Scripts\FishingData.lua) apply RollBack success!
[2023-08-20 23:48:22.169][src\components.rs:98 @uranus::components][20252][INFO] [easier_to_pick_up](D:\RustBox\uranus\example\Scripts\FishingData.lua) apply Replace success!
[2023-08-20 23:48:22.169][src\components.rs:98 @uranus::components][20252][INFO] [easier_to_pick_up](D:\RustBox\uranus\example\Scripts\FishingData.lua) apply Replace success!
[2023-08-20 23:48:22.169][src\components.rs:98 @uranus::components][20252][INFO] [easier_to_pick_up](D:\RustBox\uranus\example\Scripts\FishingData.lua) apply Replace success!
[2023-08-20 23:48:22.169][src\pannel.rs:53 @uranus::pannel][20252][INFO] Pannel: easier_to_pick_up apply success.
[2023-08-20 23:48:23.169][src\components.rs:128 @uranus::components][20252][INFO] [always_fishing_point](D:\RustBox\uranus\example\Scripts\RoomManager.lua) apply RollBack success!
[2023-08-20 23:48:23.169][src\components.rs:143 @uranus::components][20252][INFO] <-Fishing->
[2023-08-20 23:48:23.169][src\pannel.rs:62 @uranus::pannel][20252][INFO] Pannel: always_fishing_point rollback success.
[2023-08-20 23:48:23.169][src\components.rs:128 @uranus::components][20252][INFO] [easier_to_pick_up](D:\RustBox\uranus\example\Scripts\FishingData.lua) apply RollBack success!
[2023-08-20 23:48:23.169][src\components.rs:143 @uranus::components][20252][INFO] <-Fishing->
[2023-08-20 23:48:23.169][src\pannel.rs:62 @uranus::pannel][20252][INFO] Pannel: easier_to_pick_up rollback success.
[2023-08-20 23:48:51.169][src\pannel.rs:53 @uranus::pannel][18948][INFO] Pannel: always_fishing_point apply success.
[2023-08-20 23:48:53.169][src\pannel.rs:53 @uranus::pannel][18948][INFO] Pannel: easier_to_pick_up apply success.
[2023-08-20 23:49:07.169][src\components.rs:143 @uranus::components][18948][INFO] <-always_fishing_point->
[2023-08-20 23:49:07.169][src\pannel.rs:62 @uranus::pannel][18948][INFO] Pannel: always_fishing_point rollback success.
[2023-08-20 23:49:11.169][src\components.rs:143 @uranus::components][18948][INFO] <-easier_to_pick_up->
[2023-08-20 23:49:11.169][src\pannel.rs:62 @uranus::pannel][18948][INFO] Pannel: easier_to_pick_up rollback success.
[2023-08-20 23:49:14.169][src\pannel.rs:125 @uranus::pannel][18948][INFO] Change Path to D:\RustBox\uranus\example\Scripts
[2023-08-20 23:49:15.169][src\components.rs:128 @uranus::components][18948][INFO] [always_fishing_point](D:\RustBox\uranus\example\Scripts\RoomManager.lua) apply RollBack success!
[2023-08-20 23:49:15.169][src\components.rs:98 @uranus::components][18948][INFO] [always_fishing_point](D:\RustBox\uranus\example\Scripts\RoomManager.lua) apply Delete success!
[2023-08-20 23:49:15.169][src\pannel.rs:53 @uranus::pannel][18948][INFO] Pannel: always_fishing_point apply success.
[2023-08-20 23:49:17.169][src\components.rs:128 @uranus::components][18948][INFO] [always_fishing_point](D:\RustBox\uranus\example\Scripts\RoomManager.lua) apply RollBack success!
[2023-08-20 23:49:17.169][src\components.rs:143 @uranus::components][18948][INFO] <-always_fishing_point->
[2023-08-20 23:49:17.169][src\pannel.rs:62 @uranus::pannel][18948][INFO] Pannel: always_fishing_point rollback success.
[2023-08-20 23:56:27.169][src\pannel.rs:113 @uranus::pannel][18524][WARN] pick floder first!
[2023-08-20 23:56:27.169][src\pannel.rs:113 @uranus::pannel][18524][WARN] pick floder first!
[2023-08-20 23:56:29.169][src\pannel.rs:113 @uranus::pannel][18524][WARN] pick floder first!
[2023-08-20 23:56:34.169][src\pannel.rs:113 @uranus::pannel][18524][WARN] pick floder first!
[2023-08-20 23:56:38.169][src\pannel.rs:113 @uranus::pannel][18524][WARN] pick floder first!
[2023-08-20 23:56:40.169][src\pannel.rs:113 @uranus::pannel][18524][WARN] pick floder first!
[2023-08-20 23:56:46.169][src\pannel.rs:113 @uranus::pannel][18524][WARN] pick floder first!
[2023-08-21 00:02:52.169][src\pannel.rs:137 @uranus::pannel][13248][INFO] Change Path to D:\RustBox\uranus\example\Scripts
[2023-08-21 00:02:55.169][src\components.rs:128 @uranus::components][13248][INFO] [always_fishing_point](D:\RustBox\uranus\example\Scripts\RoomManager.lua) apply RollBack success!
[2023-08-21 00:02:55.169][src\components.rs:98 @uranus::components][13248][INFO] [always_fishing_point](D:\RustBox\uranus\example\Scripts\RoomManager.lua) apply Delete success!
[2023-08-21 00:02:55.169][src\pannel.rs:53 @uranus::pannel][13248][INFO] Pannel: always_fishing_point apply success.
[2023-08-21 00:03:09.169][src\pannel.rs:118 @uranus::pannel][25120][WARN] Pick Floder first!
[2023-08-21 00:03:14.169][src\pannel.rs:118 @uranus::pannel][25120][WARN] Pick Floder first!
[2023-08-21 00:03:15.169][src\pannel.rs:118 @uranus::pannel][25120][WARN] Pick Floder first!
[2023-08-21 09:51:29.169][src\pannel.rs:127 @uranus::pannel][6476][WARN] Pick Floder first!
[2023-08-21 09:51:32.169][src\pannel.rs:127 @uranus::pannel][6476][WARN] Pick Floder first!
[2023-08-21 09:54:15.169][src\pannel.rs:127 @uranus::pannel][11736][WARN] Pick Floder First!
[2023-08-21 09:54:18.169][src\pannel.rs:127 @uranus::pannel][11736][WARN] Pick Floder First!
[2023-08-21 11:07:25.169][src\pannel.rs:139 @uranus::pannel][28436][WARN] Pick Floder First!
[2023-08-21 11:07:28.169][src\pannel.rs:158 @uranus::pannel][28436][INFO] Change Path to D:\RustBox\uranus\example\Scripts
[2023-08-21 11:07:52.169][src\pannel.rs:139 @uranus::pannel][5572][WARN] Pick Floder First!
[2023-08-21 11:07:52.169][src\pannel.rs:139 @uranus::pannel][5572][WARN] Pick Floder First!
[2023-08-21 11:07:55.169][src\pannel.rs:158 @uranus::pannel][5572][INFO] Change Path to D:\RustBox\uranus\example\Scripts
[2023-08-21 11:14:20.169][src\pannel.rs:134 @uranus::pannel][7032][WARN] Pick Floder First!
[2023-08-21 11:14:23.169][src\pannel.rs:153 @uranus::pannel][7032][INFO] Change Path to D:\RustBox\uranus\example\Scripts
[2023-08-21 11:14:34.169][src\pannel.rs:153 @uranus::pannel][7032][INFO] Change Path to D:\Taragrade\Desktop\新建文件夹
[2023-08-21 11:15:03.169][src\pannel.rs:153 @uranus::pannel][1964][INFO] Change Path to D:\Taragrade\Desktop\新建文件夹
[2023-08-21 13:41:47.169][src\pannel.rs:139 @uranus::pannel][28776][WARN] Pick Floder First!
[2023-08-21 13:41:51.169][src\pannel.rs:158 @uranus::pannel][28776][INFO] Change Path to D:\Taragrade\Desktop\新建文件夹
[2023-08-21 13:44:04.169][src\pannel.rs:143 @uranus::pannel][25892][WARN] Pick Floder First!
[2023-08-21 13:44:06.169][src\pannel.rs:162 @uranus::pannel][25892][INFO] Change Path to D:\Taragrade\Desktop\新建文件夹
[2023-08-21 13:44:07.169][src\components.rs:135 @uranus::components][25892][ERROR] [Always Fishing Point](D:\Taragrade\Desktop\新建文件夹\RoomManager.lua) apply RollBack failed, destination `"D:\\Taragrade\\Desktop\\新建文件夹\\RoomManager.lua"`is not a directory or file
[2023-08-21 13:44:07.169][src\pannel.rs:74 @uranus::pannel][25892][ERROR] Pannel: destination `"D:\\Taragrade\\Desktop\\新建文件夹\\RoomManager.lua"`is not a directory or file apply failed!
[2023-08-21 13:44:08.169][src\components.rs:135 @uranus::components][25892][ERROR] [Always Fishing Point](D:\Taragrade\Desktop\新建文件夹\RoomManager.lua) apply RollBack failed, destination `"D:\\Taragrade\\Desktop\\新建文件夹\\RoomManager.lua"`is not a directory or file
[2023-08-21 13:44:08.169][src\pannel.rs:83 @uranus::pannel][25892][ERROR] Pannel: destination `"D:\\Taragrade\\Desktop\\新建文件夹\\RoomManager.lua"`is not a directory or file rollback failed!
[2023-08-21 13:46:33.169][src\pannel.rs:161 @uranus::pannel][27832][INFO] Change Path to D:\Taragrade\Desktop\新建文件夹
[2023-08-21 13:46:35.169][src\components.rs:135 @uranus::components][27832][ERROR] [Always Fishing Point](D:\Taragrade\Desktop\新建文件夹\RoomManager.lua) apply RollBack failed, destination `"D:\\Taragrade\\Desktop\\新建文件夹\\RoomManager.lua"`is not a directory or file
[2023-08-21 13:46:35.169][src\pannel.rs:73 @uranus::pannel][27832][ERROR] Pannel: destination `"D:\\Taragrade\\Desktop\\新建文件夹\\RoomManager.lua"`is not a directory or file apply failed!
[2023-08-21 13:46:35.169][src\components.rs:135 @uranus::components][27832][ERROR] [Always Fishing Point](D:\Taragrade\Desktop\新建文件夹\RoomManager.lua) apply RollBack failed, destination `"D:\\Taragrade\\Desktop\\新建文件夹\\RoomManager.lua"`is not a directory or file
[2023-08-21 13:46:35.169][src\pannel.rs:82 @uranus::pannel][27832][ERROR] Pannel: destination `"D:\\Taragrade\\Desktop\\新建文件夹\\RoomManager.lua"`is not a directory or file rollback failed!
[2023-08-21 13:55:34.169][src\pannel.rs:142 @uranus::pannel][1060][WARN] Pick Floder First!
[2023-08-21 18:39:16.169][src\pannel.rs:145 @uranus::pannel][27772][WARN] Pick Floder First!
[2023-08-21 18:39:16.169][src\pannel.rs:145 @uranus::pannel][27772][WARN] Pick Floder First!
[2023-08-21 18:39:19.169][src\pannel.rs:164 @uranus::pannel][27772][INFO] Change Path to D:\Taragrade\Documents
[2023-08-21 18:40:05.169][src\pannel.rs:145 @uranus::pannel][19828][WARN] Pick Floder First!
[2023-08-21 18:40:08.169][src\pannel.rs:164 @uranus::pannel][19828][INFO] Change Path to D:\Taragrade\Documents
[2023-08-21 18:40:10.169][src\components.rs:135 @uranus::components][19828][ERROR] [Always Fishing Point](D:\Taragrade\Documents\RoomManager.lua) apply RollBack failed, destination `"D:\\Taragrade\\Documents\\RoomManager.lua"`is not a directory or file
[2023-08-21 18:40:10.169][src\pannel.rs:77 @uranus::pannel][19828][ERROR] Pannel: destination `"D:\\Taragrade\\Documents\\RoomManager.lua"`is not a directory or file apply failed!
[2023-08-21 18:40:14.169][src\pannel.rs:164 @uranus::pannel][19828][INFO] Change Path to D:\Taragrade\Documents\钢琴曲
[2023-08-21 18:40:18.169][src\components.rs:135 @uranus::components][19828][ERROR] [Always Fishing Point](D:\Taragrade\Documents\钢琴曲\RoomManager.lua) apply RollBack failed, destination `"D:\\Taragrade\\Documents\\钢琴曲\\RoomManager.lua"`is not a directory or file
[2023-08-21 18:40:18.169][src\pannel.rs:86 @uranus::pannel][19828][ERROR] Pannel: destination `"D:\\Taragrade\\Documents\\钢琴曲\\RoomManager.lua"`is not a directory or file rollback failed!
[2023-08-21 18:42:03.169][src\pannel.rs:145 @uranus::pannel][28540][WARN] Pick Floder First!
